<?xml version="1.0" encoding="UTF-8"?>
<coverage generated="1677888525302" clover="3.2.0">
  <project timestamp="1677888525303" name="All files">
    <metrics statements="14" coveredstatements="14" conditionals="0" coveredconditionals="0" methods="5" coveredmethods="4" elements="19" coveredelements="18" complexity="0" loc="14" ncloc="14" packages="1" files="3" classes="3"/>
    <file name="createData.js" path="C:\Users\GODANA\Documents\GitHub\todo-list-app\src\modules\createData.js">
      <metrics statements="7" coveredstatements="7" conditionals="0" coveredconditionals="0" methods="1" coveredmethods="1"/>
      <line num="3" count="1" type="stmt"/>
      <line num="4" count="2" type="stmt"/>
      <line num="5" count="2" type="stmt"/>
      <line num="6" count="2" type="stmt"/>
      <line num="7" count="2" type="stmt"/>
      <line num="8" count="2" type="stmt"/>
      <line num="9" count="2" type="stmt"/>
    </file>
    <file name="removeData.js" path="C:\Users\GODANA\Documents\GitHub\todo-list-app\src\modules\removeData.js">
      <metrics statements="4" coveredstatements="4" conditionals="0" coveredconditionals="0" methods="3" coveredmethods="2"/>
      <line num="3" count="1" type="stmt"/>
      <line num="4" count="1" type="stmt"/>
      <line num="5" count="1" type="stmt"/>
      <line num="6" count="1" type="stmt"/>
    </file>
    <file name="saveToDb.js" path="C:\Users\GODANA\Documents\GitHub\todo-list-app\src\modules\saveToDb.js">
      <metrics statements="3" coveredstatements="3" conditionals="0" coveredconditionals="0" methods="1" coveredmethods="1"/>
      <line num="1" count="1" type="stmt"/>
      <line num="2" count="1" type="stmt"/>
      <line num="3" count="3" type="stmt"/>
    </file>
  </project>
</coverage>
