{"C:\\Users\\GODANA\\Documents\\GitHub\\todo-list-app\\src\\modules\\createData.js": {"path":"C:\\Users\\GODANA\\Documents\\GitHub\\todo-list-app\\src\\modules\\createData.js","statementMap":{"0":{"start":{"line":3,"column":19},"end":{"line":10,"column":1}},"1":{"start":{"line":4,"column":20},"end":{"line":4,"column":56}},"2":{"start":{"line":5,"column":15},"end":{"line":5,"column":99}},"3":{"start":{"line":6,"column":2},"end":{"line":6,"column":28}},"4":{"start":{"line":7,"column":2},"end":{"line":7,"column":23}},"5":{"start":{"line":8,"column":2},"end":{"line":8,"column":20}},"6":{"start":{"line":9,"column":2},"end":{"line":9,"column":37}}},"fnMap":{"0":{"name":"(anonymous_0)","decl":{"start":{"line":3,"column":19},"end":{"line":3,"column":20}},"loc":{"start":{"line":3,"column":39},"end":{"line":10,"column":1}},"line":3}},"branchMap":{},"s":{"0":1,"1":2,"2":2,"3":2,"4":2,"5":2,"6":2},"f":{"0":2},"b":{},"_coverageSchema":"1a1c01bbd47fc00a2c39e90264f33305004495a9","hash":"f57c8ffe271b82d24d64dbc57633f9b3f3149bec"}
,"C:\\Users\\GODANA\\Documents\\GitHub\\todo-list-app\\src\\modules\\removeData.js": {"path":"C:\\Users\\GODANA\\Documents\\GitHub\\todo-list-app\\src\\modules\\removeData.js","statementMap":{"0":{"start":{"line":3,"column":19},"end":{"line":7,"column":1}},"1":{"start":{"line":4,"column":2},"end":{"line":4,"column":75}},"2":{"start":{"line":4,"column":59},"end":{"line":4,"column":73}},"3":{"start":{"line":5,"column":2},"end":{"line":5,"column":88}},"4":{"start":{"line":5,"column":56},"end":{"line":5,"column":85}},"5":{"start":{"line":6,"column":2},"end":{"line":6,"column":37}}},"fnMap":{"0":{"name":"(anonymous_0)","decl":{"start":{"line":3,"column":19},"end":{"line":3,"column":20}},"loc":{"start":{"line":3,"column":45},"end":{"line":7,"column":1}},"line":3},"1":{"name":"(anonymous_1)","decl":{"start":{"line":4,"column":41},"end":{"line":4,"column":42}},"loc":{"start":{"line":4,"column":59},"end":{"line":4,"column":73}},"line":4},"2":{"name":"(anonymous_2)","decl":{"start":{"line":5,"column":38},"end":{"line":5,"column":39}},"loc":{"start":{"line":5,"column":56},"end":{"line":5,"column":85}},"line":5}},"branchMap":{},"s":{"0":1,"1":1,"2":1,"3":1,"4":0,"5":1},"f":{"0":1,"1":1,"2":0},"b":{},"_coverageSchema":"1a1c01bbd47fc00a2c39e90264f33305004495a9","hash":"731691fbcf6b3aa01eb2cb13ffb3a82b4d05f12c"}
,"C:\\Users\\GODANA\\Documents\\GitHub\\todo-list-app\\src\\modules\\saveToDb.js": {"path":"C:\\Users\\GODANA\\Documents\\GitHub\\todo-list-app\\src\\modules\\saveToDb.js","statementMap":{"0":{"start":{"line":1,"column":15},"end":{"line":1,"column":25}},"1":{"start":{"line":2,"column":27},"end":{"line":4,"column":1}},"2":{"start":{"line":3,"column":2},"end":{"line":3,"column":63}}},"fnMap":{"0":{"name":"(anonymous_0)","decl":{"start":{"line":2,"column":27},"end":{"line":2,"column":28}},"loc":{"start":{"line":2,"column":47},"end":{"line":4,"column":1}},"line":2}},"branchMap":{},"s":{"0":1,"1":1,"2":3},"f":{"0":3},"b":{},"_coverageSchema":"1a1c01bbd47fc00a2c39e90264f33305004495a9","hash":"cdf856de66fe98363f788a83bdd4eeb077211bab"}
}
